<?xml version="1.0" encoding="UTF-8"?>
<testng-results ignored="0" total="3" passed="3" failed="0" skipped="0">
  <reporter-output>
  </reporter-output>
  <suite started-at="2022-09-07T10:48:38 IST" name="Suite" finished-at="2022-09-07T10:49:05 IST" duration-ms="26463">
    <groups>
    </groups>
    <test started-at="2022-09-07T10:48:38 IST" name="Test" finished-at="2022-09-07T10:49:05 IST" duration-ms="26463">
      <class name="TestNG.TestNG.ParallelTestDemo1">
        <test-method signature="verifyLogo()[pri:0, instance:TestNG.TestNG.ParallelTestDemo1@2dc54ad4]" started-at="2022-09-07T10:48:39 IST" name="verifyLogo" finished-at="2022-09-07T10:48:54 IST" duration-ms="15071" status="PASS">
          <reporter-output>
          </reporter-output>
        </test-method> <!-- verifyLogo -->
        <test-method signature="verifyTitle()[pri:0, instance:TestNG.TestNG.ParallelTestDemo1@2dc54ad4]" started-at="2022-09-07T10:48:54 IST" name="verifyTitle" finished-at="2022-09-07T10:49:05 IST" duration-ms="11242" status="PASS">
          <reporter-output>
          </reporter-output>
        </test-method> <!-- verifyTitle -->
      </class> <!-- TestNG.TestNG.ParallelTestDemo1 -->
      <class name="TestNG.TestNG.ParallelTestDemo2">
        <test-method signature="Login()[pri:0, instance:TestNG.TestNG.ParallelTestDemo2@272113c4]" started-at="2022-09-07T10:48:39 IST" name="Login" finished-at="2022-09-07T10:48:54 IST" duration-ms="15798" status="PASS">
          <reporter-output>
          </reporter-output>
        </test-method> <!-- Login -->
      </class> <!-- TestNG.TestNG.ParallelTestDemo2 -->
    </test> <!-- Test -->
  </suite> <!-- Suite -->
</testng-results>
