<?xml version="1.0" encoding="UTF-8"?>
<!-- Generated by org.testng.reporters.JUnitXMLReporter -->
<testsuite ignored="0" hostname="DESKTOP-FUGQNF4" failures="0" tests="4" name="CurrentAccount" time="0.138" errors="0" timestamp="2022-09-05T00:25:49 IST">
  <testcase classname="TestNG.TestNG.CurrentAcTestClass2" name="test1" time="0.019"/>
  <testcase classname="TestNG.TestNG.CurrentAcTestClass2" name="test2" time="0.004"/>
  <testcase classname="TestNG.TestNG.CurrentAcTestClass1" name="test1" time="0.003"/>
  <testcase classname="TestNG.TestNG.CurrentAcTestClass1" name="test2" time="0.003"/>
</testsuite> <!-- CurrentAccount -->
