<?xml version="1.0" encoding="UTF-8"?>
<!-- Generated by org.testng.reporters.JUnitXMLReporter -->
<testsuite ignored="0" hostname="DESKTOP-FUGQNF4" failures="0" tests="3" name="Test" time="26.463" errors="0" timestamp="2022-09-07T10:49:05 IST">
  <testcase classname="TestNG.TestNG.ParallelTestDemo1" name="verifyLogo" time="15.071"/>
  <testcase classname="TestNG.TestNG.ParallelTestDemo2" name="Login" time="15.798"/>
  <testcase classname="TestNG.TestNG.ParallelTestDemo1" name="verifyTitle" time="11.242"/>
</testsuite> <!-- Test -->
